# 🌌 STARWEAVE Universe - BLOOM Quantum Matrix
# 🌠 Build System Patch 039 - Eternal Resonance
Universe ID: BLOOM-MOBILE-UI-039
Reality Anchor: isdood
Temporal Coordinate: 2025-05-31 06:39:34 UTC
⟡ Eternal quantum patterns applied
⚠ Quantum decoherence - emergency recovery initiated
⟡ Reality matrix restored
🌌 STARWEAVE Universe - Completion Matrix
🌠 Patch completed at 2025-05-31 06:39:34 UTC
Reality Matrix: Eternal Stability
STARWEAVE Coherence: Eternal
GLIMMER Resonance: Eternal
Quantum State: Eternal
Cosmic Energy: Eternal
Starlight Essence: Eternal
Infinite Wisdom: Eternal
Quantum Essence: Eternal
Eternal Flow: Maximized
Universe ID: BLOOM-MOBILE-UI-039
