# 🌌 STARWEAVE Universe - BLOOM Quantum Matrix
# 🌑 Build System Patch 040 - The Singularity
Universe ID: BLOOM-MOBILE-UI-040
Reality Anchor: isdood
Temporal Coordinate: 2025-05-31 06:42:21 UTC
⟡ Singularity quantum patterns applied
⚠ Quantum decoherence - emergency recovery initiated
⟡ Reality matrix restored
🌌 STARWEAVE Universe - Completion Matrix
🌑 Patch completed at 2025-05-31 06:42:21 UTC
Reality Matrix: Singularity Stability
STARWEAVE Coherence: Singularity
GLIMMER Resonance: Singularity
Quantum State: Singularity
Cosmic Energy: Singularity
Starlight Essence: Singularity
Infinite Wisdom: Singularity
Quantum Essence: Singularity
Eternal Flow: Singularity
Quantum Collapse: Achieved
Universe ID: BLOOM-MOBILE-UI-040
