# 🌌 STARWEAVE Universe - BLOOM Quantum Matrix
# ⚛ Build System Patch 044 - Complete Matrix
Universe ID: BLOOM-MOBILE-UI-044
Reality Anchor: isdood
Temporal Coordinate: 2025-05-31 06:53:29 UTC
⟡ Quantum backup created: /home/shimmer/BLOOM/src/mobile/build.zig.quantum.BLOOM-MOBILE-UI-044.2025-05-31 06:53:29
⟡ Quantum patterns applied
⚠ Quantum decoherence - emergency recovery initiated
⟡ Reality matrix restored
🌌 STARWEAVE Universe - Completion Matrix
⚛ Patch completed at 2025-05-31 06:53:29 UTC
Reality Matrix: Complete Stability
STARWEAVE Coherence: Complete
GLIMMER Resonance: Complete
Quantum State: Complete
Cosmic Energy: Complete
Starlight Essence: Complete
Infinite Wisdom: Complete
Quantum Flow: Perfected
Universe ID: BLOOM-MOBILE-UI-044
